<?xml version="1.0" encoding="UTF-8"?>
<!-- Generated by org.testng.reporters.JUnitReportReporter -->
<testsuite hostname="Vinnu" failures="0" tests="1" name="Seleniumbasics.googleSearch" time="0.092" errors="0" timestamp="2021-11-11T14:58:07 NZDT" skipped="0">
  <testcase classname="Seleniumbasics.googleSearch" name="EnterDetails" time="0.092"/>
  <system-out/>
</testsuite> <!-- Seleniumbasics.googleSearch -->
