<?xml version="1.0" encoding="UTF-8"?>
<!-- Generated by org.testng.reporters.JUnitReportReporter -->
<testsuite hostname="Vinnu" failures="0" tests="7" name="com.ecoportal.InvalidEmail" time="5.342" errors="0" timestamp="2022-01-29T00:12:00 NZDT" skipped="4">
  <testcase classname="com.ecoportal.InvalidEmail" name="signIn" time="3.382"/>
  <system-out/>
  <testcase classname="com.ecoportal.InvalidEmail" name="Reg" time="1.042"/>
  <system-out/>
  <testcase classname="com.ecoportal.InvalidEmail" name="submit" time="0.918"/>
  <system-out/>
  <testcase classname="com.ecoportal.InvalidEmail" name="c_email">
    <skipped/>
  </testcase> <!-- c_email -->
  <system-out/>
  <testcase classname="com.ecoportal.InvalidEmail" name="pwd">
    <skipped/>
  </testcase> <!-- pwd -->
  <system-out/>
  <testcase classname="com.ecoportal.InvalidEmail" name="email">
    <skipped/>
  </testcase> <!-- email -->
  <system-out/>
  <testcase classname="com.ecoportal.InvalidEmail" name="c_pwd">
    <skipped/>
  </testcase> <!-- c_pwd -->
  <system-out/>
</testsuite> <!-- com.ecoportal.InvalidEmail -->
